.\Debug\MT4_WebServer.ilk
C:\Users\chenlei\Desktop\软件详细\管理端\admin管理员\API\Examples\MT4_MANAGER_API_TEST\.\Debug\MT4_WebServer.exe
C:\Users\chenlei\Desktop\软件详细\管理端\admin管理员\API\Examples\MT4_MANAGER_API_TEST\.\Debug\MT4_WebServer.exe.intermediate.manifest
C:\Users\chenlei\Desktop\软件详细\管理端\admin管理员\API\Examples\MT4_MANAGER_API_TEST\Debug\cl.command.1.tlog
C:\Users\chenlei\Desktop\软件详细\管理端\admin管理员\API\Examples\MT4_MANAGER_API_TEST\Debug\CL.read.1.tlog
C:\Users\chenlei\Desktop\软件详细\管理端\admin管理员\API\Examples\MT4_MANAGER_API_TEST\Debug\CL.write.1.tlog
C:\Users\chenlei\Desktop\软件详细\管理端\admin管理员\API\Examples\MT4_MANAGER_API_TEST\Debug\link.5312.read.1.tlog
C:\Users\chenlei\Desktop\软件详细\管理端\admin管理员\API\Examples\MT4_MANAGER_API_TEST\Debug\link.5312.write.1.tlog
C:\Users\chenlei\Desktop\软件详细\管理端\admin管理员\API\Examples\MT4_MANAGER_API_TEST\Debug\link.5312-cvtres.read.1.tlog
C:\Users\chenlei\Desktop\软件详细\管理端\admin管理员\API\Examples\MT4_MANAGER_API_TEST\Debug\link.5312-cvtres.write.1.tlog
C:\Users\chenlei\Desktop\软件详细\管理端\admin管理员\API\Examples\MT4_MANAGER_API_TEST\Debug\link.5888.read.1.tlog
C:\Users\chenlei\Desktop\软件详细\管理端\admin管理员\API\Examples\MT4_MANAGER_API_TEST\Debug\link.5888.write.1.tlog
C:\Users\chenlei\Desktop\软件详细\管理端\admin管理员\API\Examples\MT4_MANAGER_API_TEST\Debug\link.5888-cvtres.read.1.tlog
C:\Users\chenlei\Desktop\软件详细\管理端\admin管理员\API\Examples\MT4_MANAGER_API_TEST\Debug\link.5888-cvtres.write.1.tlog
C:\Users\chenlei\Desktop\软件详细\管理端\admin管理员\API\Examples\MT4_MANAGER_API_TEST\Debug\link.command.1.tlog
C:\Users\chenlei\Desktop\软件详细\管理端\admin管理员\API\Examples\MT4_MANAGER_API_TEST\Debug\link.read.1.tlog
C:\Users\chenlei\Desktop\软件详细\管理端\admin管理员\API\Examples\MT4_MANAGER_API_TEST\Debug\link.write.1.tlog
C:\Users\chenlei\Desktop\软件详细\管理端\admin管理员\API\Examples\MT4_MANAGER_API_TEST\Debug\link-cvtres.read.1.tlog
C:\Users\chenlei\Desktop\软件详细\管理端\admin管理员\API\Examples\MT4_MANAGER_API_TEST\Debug\link-cvtres.write.1.tlog
C:\Users\chenlei\Desktop\软件详细\管理端\admin管理员\API\Examples\MT4_MANAGER_API_TEST\Debug\mt.command.1.tlog
C:\Users\chenlei\Desktop\软件详细\管理端\admin管理员\API\Examples\MT4_MANAGER_API_TEST\Debug\mt.read.1.tlog
C:\Users\chenlei\Desktop\软件详细\管理端\admin管理员\API\Examples\MT4_MANAGER_API_TEST\Debug\mt.write.1.tlog
C:\USERS\CHENLEI\DESKTOP\软件详细\管理端\ADMIN管理员\API\EXAMPLES\MT4_MANAGER_API_TEST\DEBUG\MT4_WEBSERVER.EXE
C:\USERS\CHENLEI\DESKTOP\软件详细\管理端\ADMIN管理员\API\EXAMPLES\MT4_MANAGER_API_TEST\DEBUG\MT4_WEBSERVER.EXE.EMBED.MANIFEST
C:\USERS\CHENLEI\DESKTOP\软件详细\管理端\ADMIN管理员\API\EXAMPLES\MT4_MANAGER_API_TEST\DEBUG\MT4_WEBSERVER.EXE.EMBED.MANIFEST.RES
C:\USERS\CHENLEI\DESKTOP\软件详细\管理端\ADMIN管理员\API\EXAMPLES\MT4_MANAGER_API_TEST\DEBUG\MT4_WEBSERVER.EXE.INTERMEDIATE.MANIFEST
C:\USERS\CHENLEI\DESKTOP\软件详细\管理端\ADMIN管理员\API\EXAMPLES\MT4_MANAGER_API_TEST\DEBUG\MT4_WEBSERVER.ILK
C:\Users\chenlei\Desktop\软件详细\管理端\admin管理员\API\Examples\MT4_MANAGER_API_TEST\Debug\MT4_WebServer_manifest.rc
C:\USERS\CHENLEI\DESKTOP\软件详细\管理端\ADMIN管理员\API\EXAMPLES\MT4_MANAGER_API_TEST\DEBUG\MT4WEBSERVICE.OBJ
C:\USERS\CHENLEI\DESKTOP\软件详细\管理端\ADMIN管理员\API\EXAMPLES\MT4_MANAGER_API_TEST\DEBUG\MT4WEBSERVICE_CONSTANTS.OBJ
C:\USERS\CHENLEI\DESKTOP\软件详细\管理端\ADMIN管理员\API\EXAMPLES\MT4_MANAGER_API_TEST\DEBUG\MT4WEBSERVICE_SERVER.OBJ
C:\USERS\CHENLEI\DESKTOP\软件详细\管理端\ADMIN管理员\API\EXAMPLES\MT4_MANAGER_API_TEST\DEBUG\MT4WEBSERVICE_TYPES.OBJ
C:\USERS\CHENLEI\DESKTOP\软件详细\管理端\ADMIN管理员\API\EXAMPLES\MT4_MANAGER_API_TEST\DEBUG\MYAPI.OBJ
C:\Users\chenlei\Desktop\软件详细\管理端\admin管理员\API\Examples\MT4_MANAGER_API_TEST\Debug\rc.command.1.tlog
C:\Users\chenlei\Desktop\软件详细\管理端\admin管理员\API\Examples\MT4_MANAGER_API_TEST\Debug\rc.read.1.tlog
C:\Users\chenlei\Desktop\软件详细\管理端\admin管理员\API\Examples\MT4_MANAGER_API_TEST\Debug\rc.write.1.tlog
C:\USERS\CHENLEI\DESKTOP\软件详细\管理端\ADMIN管理员\API\EXAMPLES\MT4_MANAGER_API_TEST\DEBUG\TRADELOGIN.PDB
C:\Users\chenlei\Desktop\软件详细\管理端\admin管理员\API\Examples\MT4_MANAGER_API_TEST\Debug\vc100.idb
C:\USERS\CHENLEI\DESKTOP\软件详细\管理端\ADMIN管理员\API\EXAMPLES\MT4_MANAGER_API_TEST\DEBUG\VC100.PDB
