C:\Users\chenlei\Desktop\软件详细\管理端\admin管理员\API\Examples\MT4_MANAGER_API_TEST\.\Release\MT4_WebServer.exe
C:\Users\chenlei\Desktop\软件详细\管理端\admin管理员\API\Examples\MT4_MANAGER_API_TEST\.\Release\MT4_WebServer.exe.intermediate.manifest
C:\Users\chenlei\Desktop\软件详细\管理端\admin管理员\API\Examples\MT4_MANAGER_API_TEST\Release\cl.command.1.tlog
C:\Users\chenlei\Desktop\软件详细\管理端\admin管理员\API\Examples\MT4_MANAGER_API_TEST\Release\CL.read.1.tlog
C:\Users\chenlei\Desktop\软件详细\管理端\admin管理员\API\Examples\MT4_MANAGER_API_TEST\Release\CL.write.1.tlog
C:\Users\chenlei\Desktop\软件详细\管理端\admin管理员\API\Examples\MT4_MANAGER_API_TEST\Release\link.command.1.tlog
C:\Users\chenlei\Desktop\软件详细\管理端\admin管理员\API\Examples\MT4_MANAGER_API_TEST\Release\link.read.1.tlog
C:\Users\chenlei\Desktop\软件详细\管理端\admin管理员\API\Examples\MT4_MANAGER_API_TEST\Release\link.write.1.tlog
C:\Users\chenlei\Desktop\软件详细\管理端\admin管理员\API\Examples\MT4_MANAGER_API_TEST\Release\mt.command.1.tlog
C:\Users\chenlei\Desktop\软件详细\管理端\admin管理员\API\Examples\MT4_MANAGER_API_TEST\Release\mt.read.1.tlog
C:\Users\chenlei\Desktop\软件详细\管理端\admin管理员\API\Examples\MT4_MANAGER_API_TEST\Release\mt.write.1.tlog
C:\USERS\CHENLEI\DESKTOP\软件详细\管理端\ADMIN管理员\API\EXAMPLES\MT4_MANAGER_API_TEST\RELEASE\MT4_WEBSERVER.EXE
C:\USERS\CHENLEI\DESKTOP\软件详细\管理端\ADMIN管理员\API\EXAMPLES\MT4_MANAGER_API_TEST\RELEASE\MT4_WEBSERVER.EXE.INTERMEDIATE.MANIFEST
C:\Users\chenlei\Desktop\软件详细\管理端\admin管理员\API\Examples\MT4_MANAGER_API_TEST\Release\MT4_WebServer.write.1.tlog
C:\USERS\CHENLEI\DESKTOP\软件详细\管理端\ADMIN管理员\API\EXAMPLES\MT4_MANAGER_API_TEST\RELEASE\MT4WEBSERVICE.OBJ
C:\USERS\CHENLEI\DESKTOP\软件详细\管理端\ADMIN管理员\API\EXAMPLES\MT4_MANAGER_API_TEST\RELEASE\MT4WEBSERVICE_CONSTANTS.OBJ
C:\USERS\CHENLEI\DESKTOP\软件详细\管理端\ADMIN管理员\API\EXAMPLES\MT4_MANAGER_API_TEST\RELEASE\MT4WEBSERVICE_SERVER.OBJ
C:\USERS\CHENLEI\DESKTOP\软件详细\管理端\ADMIN管理员\API\EXAMPLES\MT4_MANAGER_API_TEST\RELEASE\MT4WEBSERVICE_TYPES.OBJ
C:\USERS\CHENLEI\DESKTOP\软件详细\管理端\ADMIN管理员\API\EXAMPLES\MT4_MANAGER_API_TEST\RELEASE\MYAPI.OBJ
C:\Users\chenlei\Desktop\软件详细\管理端\admin管理员\API\Examples\MT4_MANAGER_API_TEST\Release\TradeLogin.vcxprojResolveAssemblyReference.cache
C:\USERS\CHENLEI\DESKTOP\软件详细\管理端\ADMIN管理员\API\EXAMPLES\MT4_MANAGER_API_TEST\RELEASE\VC100.PDB
