生成启动时间为 2015/8/10 23:54:35。
     1>项目“C:\Users\chenlei\Desktop\软件详细\管理端\admin管理员\API\Examples\MT4_MANAGER_API_TEST\TradeLogin.vcxproj”在节点 2 上(build 个目标)。
     1>InitializeBuildStatus:
         正在对“.\Release\MT4_WebServer.unsuccessfulbuild”执行 Touch 任务。
       ClCompile:
         d:\Program Files (x86)\Microsoft Visual Studio 10.0\VC\bin\CL.exe /c /I"D:\thrift\thrift-0.9.2\thrift-0.9.2\lib\cpp\src\thrift" /I"D:\thrift\thrift-0.9.2\thrift-0.9.2\lib\cpp\src" /ID:\thrift\boost_1_58_0 /Zi /nologo /W3 /WX- /O2 /Ob1 /Oy- /D WIN32 /D NDEBUG /D _CONSOLE /D _CRT_SECURE_NO_WARNINGS /D _USE_32BIT_TIME_T /D _VC80_UPGRADE=0x0600 /D _MBCS /GF /Gm- /EHsc /MDd /GS /Gy /fp:precise /Zc:wchar_t /Zc:forScope /Fo".\Release/" /Fd".\Release/vc100.pdb" /Gd /TP /analyze- /errorReport:prompt MT4WebService_server.cpp
         MT4WebService_server.cpp
     1>c:\users\chenlei\desktop\软件详细\管理端\admin管理员\api\examples\mt4_manager_api_test\MT4ManagerAPI.h : warning C4819: 该文件包含不能在当前代码页(936)中表示的字符。请将该文件保存为 Unicode 格式以防止数据丢失
     1>c:\users\chenlei\desktop\软件详细\管理端\admin管理员\api\examples\mt4_manager_api_test\MT4ManagerAPI.h(1027): warning C4819: 该文件包含不能在当前代码页(936)中表示的字符。请将该文件保存为 Unicode 格式以防止数据丢失
     1>c:\users\chenlei\desktop\软件详细\管理端\admin管理员\api\examples\mt4_manager_api_test\ws2_32.dll : warning C4819: 该文件包含不能在当前代码页(936)中表示的字符。请将该文件保存为 Unicode 格式以防止数据丢失
     1>c:\users\chenlei\desktop\软件详细\管理端\admin管理员\api\examples\mt4_manager_api_test\ws2_32.dll(1): error C2143: 语法错误 : 缺少“;”(在“?”的前面)
     1>c:\users\chenlei\desktop\软件详细\管理端\admin管理员\api\examples\mt4_manager_api_test\ws2_32.dll(1): error C4430: 缺少类型说明符 - 假定为 int。注意: C++ 不支持默认 int
     1>c:\users\chenlei\desktop\软件详细\管理端\admin管理员\api\examples\mt4_manager_api_test\ws2_32.dll(1): error C2018: 未知字符“0x3”
     1>c:\users\chenlei\desktop\软件详细\管理端\admin管理员\api\examples\mt4_manager_api_test\ws2_32.dll(1): error C2018: 未知字符“0x4”
     1>c:\users\chenlei\desktop\软件详细\管理端\admin管理员\api\examples\mt4_manager_api_test\ws2_32.dll(1): error C2018: 未知字符“0x40”
     1>c:\users\chenlei\desktop\软件详细\管理端\admin管理员\api\examples\mt4_manager_api_test\ws2_32.dll(1): error C2018: 未知字符“0xe”
     1>c:\users\chenlei\desktop\软件详细\管理端\admin管理员\api\examples\mt4_manager_api_test\ws2_32.dll(1): error C2018: 未知字符“0x1f”
     1>c:\users\chenlei\desktop\软件详细\管理端\admin管理员\api\examples\mt4_manager_api_test\ws2_32.dll(2): error C2018: 未知字符“0x60”
     1>c:\users\chenlei\desktop\软件详细\管理端\admin管理员\api\examples\mt4_manager_api_test\ws2_32.dll(2): error C2018: 未知字符“0x3”
     1>c:\users\chenlei\desktop\软件详细\管理端\admin管理员\api\examples\mt4_manager_api_test\ws2_32.dll(2): error C2018: 未知字符“0x3”
     1>c:\users\chenlei\desktop\软件详细\管理端\admin管理员\api\examples\mt4_manager_api_test\ws2_32.dll(2): error C2018: 未知字符“0x3”
     1>c:\users\chenlei\desktop\软件详细\管理端\admin管理员\api\examples\mt4_manager_api_test\ws2_32.dll(3): error C2018: 未知字符“0x1”
     1>c:\users\chenlei\desktop\软件详细\管理端\admin管理员\api\examples\mt4_manager_api_test\ws2_32.dll(3): error C2018: 未知字符“0x3”
     1>c:\users\chenlei\desktop\软件详细\管理端\admin管理员\api\examples\mt4_manager_api_test\ws2_32.dll(4): error C3872: “0x24”: 此字符不允许在标识符中使用
     1>c:\users\chenlei\desktop\软件详细\管理端\admin管理员\api\examples\mt4_manager_api_test\ws2_32.dll(5): error C2018: 未知字符“0xf”
     1>c:\users\chenlei\desktop\软件详细\管理端\admin管理员\api\examples\mt4_manager_api_test\ws2_32.dll(6): error C2018: 未知字符“0x2”
     1>c:\users\chenlei\desktop\软件详细\管理端\admin管理员\api\examples\mt4_manager_api_test\ws2_32.dll(8): error C2018: 未知字符“0x2”
     1>c:\users\chenlei\desktop\软件详细\管理端\admin管理员\api\examples\mt4_manager_api_test\ws2_32.dll(9): error C2018: 未知字符“0x2”
     1>c:\users\chenlei\desktop\软件详细\管理端\admin管理员\api\examples\mt4_manager_api_test\ws2_32.dll(9): error C2018: 未知字符“0x3”
     1>c:\users\chenlei\desktop\软件详细\管理端\admin管理员\api\examples\mt4_manager_api_test\ws2_32.dll(9): error C2001: 常量中有换行符
     1>c:\users\chenlei\desktop\软件详细\管理端\admin管理员\api\examples\mt4_manager_api_test\ws2_32.dll(11): error C2018: 未知字符“0x40”
     1>c:\users\chenlei\desktop\软件详细\管理端\admin管理员\api\examples\mt4_manager_api_test\ws2_32.dll(11): error C2018: 未知字符“0x40”
     1>c:\users\chenlei\desktop\软件详细\管理端\admin管理员\api\examples\mt4_manager_api_test\ws2_32.dll(11): error C2018: 未知字符“0x40”
     1>c:\users\chenlei\desktop\软件详细\管理端\admin管理员\api\examples\mt4_manager_api_test\ws2_32.dll(11): error C2018: 未知字符“0x10”
     1>c:\users\chenlei\desktop\软件详细\管理端\admin管理员\api\examples\mt4_manager_api_test\ws2_32.dll(11): error C2018: 未知字符“0x4”
     1>c:\users\chenlei\desktop\软件详细\管理端\admin管理员\api\examples\mt4_manager_api_test\ws2_32.dll(11): error C2018: 未知字符“0x40”
     1>c:\users\chenlei\desktop\软件详细\管理端\admin管理员\api\examples\mt4_manager_api_test\ws2_32.dll(11): error C2018: 未知字符“0x40”
     1>c:\users\chenlei\desktop\软件详细\管理端\admin管理员\api\examples\mt4_manager_api_test\ws2_32.dll(11): error C2018: 未知字符“0x1”
     1>c:\users\chenlei\desktop\软件详细\管理端\admin管理员\api\examples\mt4_manager_api_test\ws2_32.dll(11): error C2018: 未知字符“0x2”
     1>c:\users\chenlei\desktop\软件详细\管理端\admin管理员\api\examples\mt4_manager_api_test\ws2_32.dll(11): error C2018: 未知字符“0x40”
     1>c:\users\chenlei\desktop\软件详细\管理端\admin管理员\api\examples\mt4_manager_api_test\ws2_32.dll(11): error C2018: 未知字符“0x1”
     1>c:\users\chenlei\desktop\软件详细\管理端\admin管理员\api\examples\mt4_manager_api_test\ws2_32.dll(11): error C2018: 未知字符“0x6”
     1>c:\users\chenlei\desktop\软件详细\管理端\admin管理员\api\examples\mt4_manager_api_test\ws2_32.dll(11): error C2018: 未知字符“0x1”
     1>c:\users\chenlei\desktop\软件详细\管理端\admin管理员\api\examples\mt4_manager_api_test\ws2_32.dll(11): error C2018: 未知字符“0x1”
     1>c:\users\chenlei\desktop\软件详细\管理端\admin管理员\api\examples\mt4_manager_api_test\ws2_32.dll(11): error C2018: 未知字符“0x1”
     1>c:\users\chenlei\desktop\软件详细\管理端\admin管理员\api\examples\mt4_manager_api_test\ws2_32.dll(11): error C2018: 未知字符“0x1”
     1>c:\users\chenlei\desktop\软件详细\管理端\admin管理员\api\examples\mt4_manager_api_test\ws2_32.dll(11): error C2018: 未知字符“0x1”
     1>c:\users\chenlei\desktop\软件详细\管理端\admin管理员\api\examples\mt4_manager_api_test\ws2_32.dll(11): error C2018: 未知字符“0x6”
     1>c:\users\chenlei\desktop\软件详细\管理端\admin管理员\api\examples\mt4_manager_api_test\ws2_32.dll(11): error C2018: 未知字符“0x2”
     1>c:\users\chenlei\desktop\软件详细\管理端\admin管理员\api\examples\mt4_manager_api_test\ws2_32.dll(11): error C2018: 未知字符“0x1”
     1>c:\users\chenlei\desktop\软件详细\管理端\admin管理员\api\examples\mt4_manager_api_test\ws2_32.dll(11): error C2018: 未知字符“0x6”
     1>c:\users\chenlei\desktop\软件详细\管理端\admin管理员\api\examples\mt4_manager_api_test\ws2_32.dll(11): error C2018: 未知字符“0x2”
     1>c:\users\chenlei\desktop\软件详细\管理端\admin管理员\api\examples\mt4_manager_api_test\ws2_32.dll(11): error C2018: 未知字符“0x2”
     1>c:\users\chenlei\desktop\软件详细\管理端\admin管理员\api\examples\mt4_manager_api_test\ws2_32.dll(11): error C2018: 未知字符“0x1”
     1>c:\users\chenlei\desktop\软件详细\管理端\admin管理员\api\examples\mt4_manager_api_test\ws2_32.dll(11): error C2018: 未知字符“0x2”
     1>c:\users\chenlei\desktop\软件详细\管理端\admin管理员\api\examples\mt4_manager_api_test\ws2_32.dll(11): error C2018: 未知字符“0x2”
     1>c:\users\chenlei\desktop\软件详细\管理端\admin管理员\api\examples\mt4_manager_api_test\ws2_32.dll(11): error C2018: 未知字符“0x1”
     1>c:\users\chenlei\desktop\软件详细\管理端\admin管理员\api\examples\mt4_manager_api_test\ws2_32.dll(11): error C2059: 语法错误:“数字上的错误后缀”
     1>c:\users\chenlei\desktop\软件详细\管理端\admin管理员\api\examples\mt4_manager_api_test\ws2_32.dll(11): error C2059: 语法错误:“数字上的错误后缀”
     1>c:\users\chenlei\desktop\软件详细\管理端\admin管理员\api\examples\mt4_manager_api_test\ws2_32.dll(11): error C2059: 语法错误:“数字上的错误后缀”
     1>c:\users\chenlei\desktop\软件详细\管理端\admin管理员\api\examples\mt4_manager_api_test\ws2_32.dll(11): error C2059: 语法错误:“数字上的错误后缀”
     1>c:\users\chenlei\desktop\软件详细\管理端\admin管理员\api\examples\mt4_manager_api_test\ws2_32.dll(11): error C2059: 语法错误:“数字上的错误后缀”
     1>c:\users\chenlei\desktop\软件详细\管理端\admin管理员\api\examples\mt4_manager_api_test\ws2_32.dll(11): error C2059: 语法错误:“数字上的错误后缀”
     1>c:\users\chenlei\desktop\软件详细\管理端\admin管理员\api\examples\mt4_manager_api_test\ws2_32.dll(11): error C2059: 语法错误:“数字上的错误后缀”
     1>c:\users\chenlei\desktop\软件详细\管理端\admin管理员\api\examples\mt4_manager_api_test\ws2_32.dll(11): error C2059: 语法错误:“数字上的错误后缀”
     1>c:\users\chenlei\desktop\软件详细\管理端\admin管理员\api\examples\mt4_manager_api_test\ws2_32.dll(11): error C2059: 语法错误:“数字上的错误后缀”
     1>c:\users\chenlei\desktop\软件详细\管理端\admin管理员\api\examples\mt4_manager_api_test\ws2_32.dll(11): error C2059: 语法错误:“数字上的错误后缀”
     1>c:\users\chenlei\desktop\软件详细\管理端\admin管理员\api\examples\mt4_manager_api_test\ws2_32.dll(11): error C2059: 语法错误:“数字上的错误后缀”
     1>c:\users\chenlei\desktop\软件详细\管理端\admin管理员\api\examples\mt4_manager_api_test\ws2_32.dll(11): error C2059: 语法错误:“数字上的错误后缀”
     1>c:\users\chenlei\desktop\软件详细\管理端\admin管理员\api\examples\mt4_manager_api_test\ws2_32.dll(11): error C2059: 语法错误:“数字上的错误后缀”
     1>c:\users\chenlei\desktop\软件详细\管理端\admin管理员\api\examples\mt4_manager_api_test\ws2_32.dll(11): error C2059: 语法错误:“数字上的错误后缀”
     1>c:\users\chenlei\desktop\软件详细\管理端\admin管理员\api\examples\mt4_manager_api_test\ws2_32.dll(11): error C2059: 语法错误:“数字上的错误后缀”
     1>c:\users\chenlei\desktop\软件详细\管理端\admin管理员\api\examples\mt4_manager_api_test\ws2_32.dll(11): error C3872: “0x24”: 此字符不允许在标识符中使用
     1>c:\users\chenlei\desktop\软件详细\管理端\admin管理员\api\examples\mt4_manager_api_test\ws2_32.dll(11): error C2018: 未知字符“0x8”
     1>c:\users\chenlei\desktop\软件详细\管理端\admin管理员\api\examples\mt4_manager_api_test\ws2_32.dll(11): error C3872: “0x24”: 此字符不允许在标识符中使用
     1>c:\users\chenlei\desktop\软件详细\管理端\admin管理员\api\examples\mt4_manager_api_test\ws2_32.dll(11): error C2018: 未知字符“0x10”
     1>c:\users\chenlei\desktop\软件详细\管理端\admin管理员\api\examples\mt4_manager_api_test\ws2_32.dll(11): error C2143: 语法错误 : 缺少“)”(在“;”的前面)
     1>c:\users\chenlei\desktop\软件详细\管理端\admin管理员\api\examples\mt4_manager_api_test\ws2_32.dll(11): error C2143: 语法错误 : 缺少“)”(在“;”的前面)
     1>c:\users\chenlei\desktop\软件详细\管理端\admin管理员\api\examples\mt4_manager_api_test\ws2_32.dll(11): error C2143: 语法错误 : 缺少“)”(在“;”的前面)
     1>c:\users\chenlei\desktop\软件详细\管理端\admin管理员\api\examples\mt4_manager_api_test\ws2_32.dll(11): error C2143: 语法错误 : 缺少“)”(在“;”的前面)
     1>c:\users\chenlei\desktop\软件详细\管理端\admin管理员\api\examples\mt4_manager_api_test\ws2_32.dll(11): error C2143: 语法错误 : 缺少“)”(在“;”的前面)
     1>c:\users\chenlei\desktop\软件详细\管理端\admin管理员\api\examples\mt4_manager_api_test\ws2_32.dll(11): error C2143: 语法错误 : 缺少“)”(在“;”的前面)
     1>c:\users\chenlei\desktop\软件详细\管理端\admin管理员\api\examples\mt4_manager_api_test\ws2_32.dll(11): error C2143: 语法错误 : 缺少“)”(在“;”的前面)
     1>c:\users\chenlei\desktop\软件详细\管理端\admin管理员\api\examples\mt4_manager_api_test\ws2_32.dll(11): error C2143: 语法错误 : 缺少“)”(在“;”的前面)
     1>c:\users\chenlei\desktop\软件详细\管理端\admin管理员\api\examples\mt4_manager_api_test\ws2_32.dll(11): error C2143: 语法错误 : 缺少“)”(在“;”的前面)
     1>c:\users\chenlei\desktop\软件详细\管理端\admin管理员\api\examples\mt4_manager_api_test\ws2_32.dll(11): error C2143: 语法错误 : 缺少“)”(在“;”的前面)
     1>c:\users\chenlei\desktop\软件详细\管理端\admin管理员\api\examples\mt4_manager_api_test\ws2_32.dll(11): error C2143: 语法错误 : 缺少“)”(在“;”的前面)
     1>c:\users\chenlei\desktop\软件详细\管理端\admin管理员\api\examples\mt4_manager_api_test\ws2_32.dll(11): error C2143: 语法错误 : 缺少“)”(在“;”的前面)
     1>c:\users\chenlei\desktop\软件详细\管理端\admin管理员\api\examples\mt4_manager_api_test\ws2_32.dll(11): error C2143: 语法错误 : 缺少“)”(在“;”的前面)
     1>c:\users\chenlei\desktop\软件详细\管理端\admin管理员\api\examples\mt4_manager_api_test\ws2_32.dll(11): error C2143: 语法错误 : 缺少“)”(在“;”的前面)
     1>c:\users\chenlei\desktop\软件详细\管理端\admin管理员\api\examples\mt4_manager_api_test\ws2_32.dll(11): error C2143: 语法错误 : 缺少“)”(在“;”的前面)
     1>c:\users\chenlei\desktop\软件详细\管理端\admin管理员\api\examples\mt4_manager_api_test\ws2_32.dll(11): error C2143: 语法错误 : 缺少“)”(在“;”的前面)
     1>c:\users\chenlei\desktop\软件详细\管理端\admin管理员\api\examples\mt4_manager_api_test\ws2_32.dll(11): error C2143: 语法错误 : 缺少“)”(在“;”的前面)
     1>c:\users\chenlei\desktop\软件详细\管理端\admin管理员\api\examples\mt4_manager_api_test\ws2_32.dll(11): error C2143: 语法错误 : 缺少“)”(在“;”的前面)
     1>c:\users\chenlei\desktop\软件详细\管理端\admin管理员\api\examples\mt4_manager_api_test\ws2_32.dll(11): error C2059: 语法错误:“?”
     1>c:\users\chenlei\desktop\软件详细\管理端\admin管理员\api\examples\mt4_manager_api_test\ws2_32.dll(11): error C2059: 语法错误:“?”
     1>c:\users\chenlei\desktop\软件详细\管理端\admin管理员\api\examples\mt4_manager_api_test\ws2_32.dll(11): error C3872: “0x24”: 此字符不允许在标识符中使用
     1>c:\users\chenlei\desktop\软件详细\管理端\admin管理员\api\examples\mt4_manager_api_test\ws2_32.dll(11): error C3872: “0x24”: 此字符不允许在标识符中使用
     1>c:\users\chenlei\desktop\软件详细\管理端\admin管理员\api\examples\mt4_manager_api_test\ws2_32.dll(11): error C2017: 非法的转义序列
     1>c:\users\chenlei\desktop\软件详细\管理端\admin管理员\api\examples\mt4_manager_api_test\ws2_32.dll(11): error C3872: “0x24”: 此字符不允许在标识符中使用
     1>c:\users\chenlei\desktop\软件详细\管理端\admin管理员\api\examples\mt4_manager_api_test\ws2_32.dll(11): error C2018: 未知字符“0x8”
     1>c:\users\chenlei\desktop\软件详细\管理端\admin管理员\api\examples\mt4_manager_api_test\ws2_32.dll(11): error C3872: “0x24”: 此字符不允许在标识符中使用
     1>c:\users\chenlei\desktop\软件详细\管理端\admin管理员\api\examples\mt4_manager_api_test\ws2_32.dll(11): error C2018: 未知字符“0x10”
     1>c:\users\chenlei\desktop\软件详细\管理端\admin管理员\api\examples\mt4_manager_api_test\ws2_32.dll(11): error C2018: 未知字符“0x1”
     1>c:\users\chenlei\desktop\软件详细\管理端\admin管理员\api\examples\mt4_manager_api_test\ws2_32.dll(11): error C2018: 未知字符“0xf”
     1>c:\users\chenlei\desktop\软件详细\管理端\admin管理员\api\examples\mt4_manager_api_test\ws2_32.dll(11): error C3872: “0x24”: 此字符不允许在标识符中使用
     1>c:\users\chenlei\desktop\软件详细\管理端\admin管理员\api\examples\mt4_manager_api_test\ws2_32.dll(11): error C3872: “0x24”: 此字符不允许在标识符中使用
     1>c:\users\chenlei\desktop\软件详细\管理端\admin管理员\api\examples\mt4_manager_api_test\ws2_32.dll(11): error C3872: “0x24”: 此字符不允许在标识符中使用
     1>c:\users\chenlei\desktop\软件详细\管理端\admin管理员\api\examples\mt4_manager_api_test\ws2_32.dll(11): error C2018: 未知字符“0x18”
     1>c:\users\chenlei\desktop\软件详细\管理端\admin管理员\api\examples\mt4_manager_api_test\ws2_32.dll(11): error C3872: “0x24”: 此字符不允许在标识符中使用
     1>c:\users\chenlei\desktop\软件详细\管理端\admin管理员\api\examples\mt4_manager_api_test\ws2_32.dll(11): error C2018: 未知字符“0x10”
     1>c:\users\chenlei\desktop\软件详细\管理端\admin管理员\api\examples\mt4_manager_api_test\ws2_32.dll(11): error C3872: “0x24”: 此字符不允许在标识符中使用
     1>c:\users\chenlei\desktop\软件详细\管理端\admin管理员\api\examples\mt4_manager_api_test\ws2_32.dll(11): fatal error C1003: 错误计数超过 100；正在停止编译
     1>已完成生成项目“C:\Users\chenlei\Desktop\软件详细\管理端\admin管理员\API\Examples\MT4_MANAGER_API_TEST\TradeLogin.vcxproj”(build 个目标)的操作 - 失败。

生成失败。

已用时间 00:00:03.26
